<!DOCTYPE html>
<html>
  <head>
    <meta charset="utf-8"/>
    <title>Test Report</title>
    <link href="assets/style.css" rel="stylesheet" type="text/css"/></head>
  <body onLoad="init()">
    <script>/* This Source Code Form is subject to the terms of the Mozilla Public
 * License, v. 2.0. If a copy of the MPL was not distributed with this file,
 * You can obtain one at http://mozilla.org/MPL/2.0/. */


function toArray(iter) {
    if (iter === null) {
        return null;
    }
    return Array.prototype.slice.call(iter);
}

function find(selector, elem) { // eslint-disable-line no-redeclare
    if (!elem) {
        elem = document;
    }
    return elem.querySelector(selector);
}

function findAll(selector, elem) {
    if (!elem) {
        elem = document;
    }
    return toArray(elem.querySelectorAll(selector));
}

function sortColumn(elem) {
    toggleSortStates(elem);
    const colIndex = toArray(elem.parentNode.childNodes).indexOf(elem);
    let key;
    if (elem.classList.contains('result')) {
        key = keyResult;
    } else if (elem.classList.contains('links')) {
        key = keyLink;
    } else {
        key = keyAlpha;
    }
    sortTable(elem, key(colIndex));
}

function showAllExtras() { // eslint-disable-line no-unused-vars
    findAll('.col-result').forEach(showExtras);
}

function hideAllExtras() { // eslint-disable-line no-unused-vars
    findAll('.col-result').forEach(hideExtras);
}

function showExtras(colresultElem) {
    const extras = colresultElem.parentNode.nextElementSibling;
    const expandcollapse = colresultElem.firstElementChild;
    extras.classList.remove('collapsed');
    expandcollapse.classList.remove('expander');
    expandcollapse.classList.add('collapser');
}

function hideExtras(colresultElem) {
    const extras = colresultElem.parentNode.nextElementSibling;
    const expandcollapse = colresultElem.firstElementChild;
    extras.classList.add('collapsed');
    expandcollapse.classList.remove('collapser');
    expandcollapse.classList.add('expander');
}

function showFilters() {
    const filterItems = document.getElementsByClassName('filter');
    for (let i = 0; i < filterItems.length; i++)
        filterItems[i].hidden = false;
}

function addCollapse() {
    // Add links for show/hide all
    const resulttable = find('table#results-table');
    const showhideall = document.createElement('p');
    showhideall.innerHTML = '<a href="javascript:showAllExtras()">Show all details</a> / ' +
                            '<a href="javascript:hideAllExtras()">Hide all details</a>';
    resulttable.parentElement.insertBefore(showhideall, resulttable);

    // Add show/hide link to each result
    findAll('.col-result').forEach(function(elem) {
        const collapsed = getQueryParameter('collapsed') || 'Passed';
        const extras = elem.parentNode.nextElementSibling;
        const expandcollapse = document.createElement('span');
        if (extras.classList.contains('collapsed')) {
            expandcollapse.classList.add('expander');
        } else if (collapsed.includes(elem.innerHTML)) {
            extras.classList.add('collapsed');
            expandcollapse.classList.add('expander');
        } else {
            expandcollapse.classList.add('collapser');
        }
        elem.appendChild(expandcollapse);

        elem.addEventListener('click', function(event) {
            if (event.currentTarget.parentNode.nextElementSibling.classList.contains('collapsed')) {
                showExtras(event.currentTarget);
            } else {
                hideExtras(event.currentTarget);
            }
        });
    });
}

function getQueryParameter(name) {
    const match = RegExp('[?&]' + name + '=([^&]*)').exec(window.location.search);
    return match && decodeURIComponent(match[1].replace(/\+/g, ' '));
}

function init () { // eslint-disable-line no-unused-vars
    resetSortHeaders();

    addCollapse();

    showFilters();

    sortColumn(find('.initial-sort'));

    findAll('.sortable').forEach(function(elem) {
        elem.addEventListener('click',
            function() {
                sortColumn(elem);
            }, false);
    });
}

function sortTable(clicked, keyFunc) {
    const rows = findAll('.results-table-row');
    const reversed = !clicked.classList.contains('asc');
    const sortedRows = sort(rows, keyFunc, reversed);
    /* Whole table is removed here because browsers acts much slower
     * when appending existing elements.
     */
    const thead = document.getElementById('results-table-head');
    document.getElementById('results-table').remove();
    const parent = document.createElement('table');
    parent.id = 'results-table';
    parent.appendChild(thead);
    sortedRows.forEach(function(elem) {
        parent.appendChild(elem);
    });
    document.getElementsByTagName('BODY')[0].appendChild(parent);
}

function sort(items, keyFunc, reversed) {
    const sortArray = items.map(function(item, i) {
        return [keyFunc(item), i];
    });

    sortArray.sort(function(a, b) {
        const keyA = a[0];
        const keyB = b[0];

        if (keyA == keyB) return 0;

        if (reversed) {
            return keyA < keyB ? 1 : -1;
        } else {
            return keyA > keyB ? 1 : -1;
        }
    });

    return sortArray.map(function(item) {
        const index = item[1];
        return items[index];
    });
}

function keyAlpha(colIndex) {
    return function(elem) {
        return elem.childNodes[1].childNodes[colIndex].firstChild.data.toLowerCase();
    };
}

function keyLink(colIndex) {
    return function(elem) {
        const dataCell = elem.childNodes[1].childNodes[colIndex].firstChild;
        return dataCell == null ? '' : dataCell.innerText.toLowerCase();
    };
}

function keyResult(colIndex) {
    return function(elem) {
        const strings = ['Error', 'Failed', 'Rerun', 'XFailed', 'XPassed',
            'Skipped', 'Passed'];
        return strings.indexOf(elem.childNodes[1].childNodes[colIndex].firstChild.data);
    };
}

function resetSortHeaders() {
    findAll('.sort-icon').forEach(function(elem) {
        elem.parentNode.removeChild(elem);
    });
    findAll('.sortable').forEach(function(elem) {
        const icon = document.createElement('div');
        icon.className = 'sort-icon';
        icon.textContent = 'vvv';
        elem.insertBefore(icon, elem.firstChild);
        elem.classList.remove('desc', 'active');
        elem.classList.add('asc', 'inactive');
    });
}

function toggleSortStates(elem) {
    //if active, toggle between asc and desc
    if (elem.classList.contains('active')) {
        elem.classList.toggle('asc');
        elem.classList.toggle('desc');
    }

    //if inactive, reset all other functions and add ascending active
    if (elem.classList.contains('inactive')) {
        resetSortHeaders();
        elem.classList.remove('inactive');
        elem.classList.add('active');
    }
}

function isAllRowsHidden(value) {
    return value.hidden == false;
}

function filterTable(elem) { // eslint-disable-line no-unused-vars
    const outcomeAtt = 'data-test-result';
    const outcome = elem.getAttribute(outcomeAtt);
    const classOutcome = outcome + ' results-table-row';
    const outcomeRows = document.getElementsByClassName(classOutcome);

    for(let i = 0; i < outcomeRows.length; i++){
        outcomeRows[i].hidden = !elem.checked;
    }

    const rows = findAll('.results-table-row').filter(isAllRowsHidden);
    const allRowsHidden = rows.length == 0 ? true : false;
    const notFoundMessage = document.getElementById('not-found-message');
    notFoundMessage.hidden = !allRowsHidden;
}
</script>
    <h1>report.html</h1>
    <p>Report generated on 20-Jun-2025 at 13:30:17 by <a href="https://pypi.python.org/pypi/pytest-html">pytest-html</a> v3.1.1</p>
    <h2>Summary</h2>
    <p>7 tests ran in 256.10 seconds. </p>
    <p class="filter" hidden="true">(Un)check the boxes to filter the results.</p><input checked="true" class="filter" data-test-result="passed" hidden="true" name="filter_checkbox" onChange="filterTable(this)" type="checkbox"/><span class="passed">4 passed</span>, <input checked="true" class="filter" data-test-result="skipped" disabled="true" hidden="true" name="filter_checkbox" onChange="filterTable(this)" type="checkbox"/><span class="skipped">0 skipped</span>, <input checked="true" class="filter" data-test-result="failed" hidden="true" name="filter_checkbox" onChange="filterTable(this)" type="checkbox"/><span class="failed">3 failed</span>, <input checked="true" class="filter" data-test-result="error" disabled="true" hidden="true" name="filter_checkbox" onChange="filterTable(this)" type="checkbox"/><span class="error">0 errors</span>, <input checked="true" class="filter" data-test-result="xfailed" disabled="true" hidden="true" name="filter_checkbox" onChange="filterTable(this)" type="checkbox"/><span class="xfailed">0 expected failures</span>, <input checked="true" class="filter" data-test-result="xpassed" disabled="true" hidden="true" name="filter_checkbox" onChange="filterTable(this)" type="checkbox"/><span class="xpassed">0 unexpected passes</span>
    <h2>Results</h2>
    <table id="results-table">
      <thead id="results-table-head">
        <tr>
          <th class="sortable result initial-sort" col="result">Result</th>
          <th class="sortable" col="name">Test</th>
          <th class="sortable" col="duration">Duration</th>
          <th class="sortable links" col="links">Links</th></tr>
        <tr hidden="true" id="not-found-message">
          <th colspan="4">No results found. Try to check the filters</th></tr></thead>
      <tbody class="failed results-table-row">
        <tr>
          <td class="col-result">Failed</td>
          <td class="col-name">tests/test_accessibility.py::TestAccessibility::test_accessibility_navigation</td>
          <td class="col-duration">68.75</td>
          <td class="col-links"></td></tr>
        <tr>
          <td class="extra" colspan="4">
            <div class="log">self = &lt;tests.test_accessibility.TestAccessibility object at 0x000001D61F991310&gt;<br/>driver = &lt;appium.webdriver.webdriver.WebDriver (session=&quot;8f1dad5c-fdf4-45dc-8275-4a24a79b0635&quot;)&gt;<br/><br/>    def test_accessibility_navigation(self, driver):<br/>        &quot;&quot;&quot;<br/>        Test to navigate to the Accessibility page and verify that the page has loaded correctly.<br/>        &quot;&quot;&quot;<br/>        main_page = MainPage(driver)<br/>        access_page = main_page.navigate_to_accessibility()<br/>        main_page.navigate_back()<br/>&gt;       access_page.verify_page_loaded()<br/><br/>tests\test_accessibility.py:13: <br/>_ _ _ _ _ _ _ _ _ _ _ _ _ _ _ _ _ _ _ _ _ _ _ _ _ _ _ _ _ _ _ _ _ _ _ _ _ _ _ _<br/>pages\accessibility_page.py:15: in verify_page_loaded<br/>    assert self.get_text(self.TITLE) == &quot;Accessibility&quot;<br/>pages\base_page.py:23: in get_text<br/>    return self.find_element(locator).text<br/>pages\base_page.py:17: in find_element<br/>    raise e<br/>pages\base_page.py:14: in find_element<br/>    return self.wait.until(EC.presence_of_element_located(locator))<br/>_ _ _ _ _ _ _ _ _ _ _ _ _ _ _ _ _ _ _ _ _ _ _ _ _ _ _ _ _ _ _ _ _ _ _ _ _ _ _ _<br/><br/>self = &lt;selenium.webdriver.support.wait.WebDriverWait (session=&quot;8f1dad5c-fdf4-45dc-8275-4a24a79b0635&quot;)&gt;<br/>method = &lt;function presence_of_element_located.&lt;locals&gt;._predicate at 0x000001D61F72C040&gt;<br/>message = &#x27;&#x27;<br/><br/>    def until(self, method: Callable[[D], Union[Literal[False], T]], message: str = &quot;&quot;) -&gt; T:<br/>        &quot;&quot;&quot;Calls the method provided with the driver as an argument until the \<br/>        return value does not evaluate to ``False``.<br/>    <br/>        :param method: callable(WebDriver)<br/>        :param message: optional message for :exc:`TimeoutException`<br/>        :returns: the result of the last call to `method`<br/>        :raises: :exc:`selenium.common.exceptions.TimeoutException` if timeout occurs<br/>        &quot;&quot;&quot;<br/>        screen = None<br/>        stacktrace = None<br/>    <br/>        end_time = time.monotonic() + self._timeout<br/>        while True:<br/>            try:<br/>                value = method(self._driver)<br/>                if value:<br/>                    return value<br/>            except self._ignored_exceptions as exc:<br/>                screen = getattr(exc, &quot;screen&quot;, None)<br/>                stacktrace = getattr(exc, &quot;stacktrace&quot;, None)<br/>            if time.monotonic() &gt; end_time:<br/>                break<br/>            time.sleep(self._poll)<br/>&gt;       raise TimeoutException(message, screen, stacktrace)<br/><span class="error">E       selenium.common.exceptions.TimeoutException: Message: </span><br/><span class="error">E       Stacktrace:</span><br/><span class="error">E       NoSuchElementError: An element could not be located on the page using the given search parameters.</span><br/><span class="error">E           at AndroidUiautomator2Driver.findElOrEls (C:\Users\muham\.appium\node_modules\appium-uiautomator2-driver\node_modules\appium-android-driver\lib\commands\find.ts:86:11)</span><br/><span class="error">E           at processTicksAndRejections (node:internal/process/task_queues:105:5)</span><br/><span class="error">E           at AndroidUiautomator2Driver.findElOrElsWithProcessing (C:\Users\muham\AppData\Roaming\npm\node_modules\appium\node_modules\@appium\base-driver\lib\basedriver\commands\find.ts:60:12)</span><br/><span class="error">E           at AndroidUiautomator2Driver.findElement (C:\Users\muham\AppData\Roaming\npm\node_modules\appium\node_modules\@appium\base-driver\lib\basedriver\commands\find.ts:75:12)</span><br/><br/>.venv\Lib\site-packages\selenium\webdriver\support\wait.py:105: TimeoutException<br/> -------------------------------Captured log call-------------------------------- <br/>ERROR    root:base_page.py:16 Element not found: (&#x27;xpath&#x27;, &#x27;//*[@text=&quot;Accessibility&quot;]&#x27;)<br/> ----------------------------Captured stdout teardown---------------------------- <br/>
ðŸ“¸ Screenshot saved: screenshots/test_accessibility_navigation_20250620_132707.png
<br/></div></td></tr></tbody>
      <tbody class="failed results-table-row">
        <tr>
          <td class="col-result">Failed</td>
          <td class="col-name">tests/test_preferences.py::TestPreferences::test_wifi_settings</td>
          <td class="col-duration">36.77</td>
          <td class="col-links"></td></tr>
        <tr>
          <td class="extra" colspan="4">
            <div class="log">self = &lt;tests.test_preferences.TestPreferences object at 0x000001D61F991590&gt;<br/>driver = &lt;appium.webdriver.webdriver.WebDriver (session=&quot;afd06984-1253-4872-9173-f299b8c50ba1&quot;)&gt;<br/><br/>    def test_wifi_settings(self, driver):<br/>        &quot;&quot;&quot;<br/>        Test to verify that the WiFi settings allow setting a new SSID.<br/>        &quot;&quot;&quot;<br/>        test_ssid = &quot;TestWiFiNetwork&quot;<br/>        main_page = MainPage(driver)<br/>        pref_page = main_page.navigate_to_preferences()<br/>        pref_page.open_preference_dependencies() \<br/>            .open_wifi_settings() \<br/>&gt;           .set_wifi_name(test_ssid)<br/><br/>tests\test_preferences.py:26: <br/>_ _ _ _ _ _ _ _ _ _ _ _ _ _ _ _ _ _ _ _ _ _ _ _ _ _ _ _ _ _ _ _ _ _ _ _ _ _ _ _<br/>pages\preferences_page.py:35: in set_wifi_name<br/>    self.send_keys(self.WIFI_INPUT, name)<br/>pages\base_page.py:26: in send_keys<br/>    element = self.find_element(locator)<br/>pages\base_page.py:17: in find_element<br/>    raise e<br/>pages\base_page.py:14: in find_element<br/>    return self.wait.until(EC.presence_of_element_located(locator))<br/>_ _ _ _ _ _ _ _ _ _ _ _ _ _ _ _ _ _ _ _ _ _ _ _ _ _ _ _ _ _ _ _ _ _ _ _ _ _ _ _<br/><br/>self = &lt;selenium.webdriver.support.wait.WebDriverWait (session=&quot;afd06984-1253-4872-9173-f299b8c50ba1&quot;)&gt;<br/>method = &lt;function presence_of_element_located.&lt;locals&gt;._predicate at 0x000001D61FA872E0&gt;<br/>message = &#x27;&#x27;<br/><br/>    def until(self, method: Callable[[D], Union[Literal[False], T]], message: str = &quot;&quot;) -&gt; T:<br/>        &quot;&quot;&quot;Calls the method provided with the driver as an argument until the \<br/>        return value does not evaluate to ``False``.<br/>    <br/>        :param method: callable(WebDriver)<br/>        :param message: optional message for :exc:`TimeoutException`<br/>        :returns: the result of the last call to `method`<br/>        :raises: :exc:`selenium.common.exceptions.TimeoutException` if timeout occurs<br/>        &quot;&quot;&quot;<br/>        screen = None<br/>        stacktrace = None<br/>    <br/>        end_time = time.monotonic() + self._timeout<br/>        while True:<br/>            try:<br/>                value = method(self._driver)<br/>                if value:<br/>                    return value<br/>            except self._ignored_exceptions as exc:<br/>                screen = getattr(exc, &quot;screen&quot;, None)<br/>                stacktrace = getattr(exc, &quot;stacktrace&quot;, None)<br/>            if time.monotonic() &gt; end_time:<br/>                break<br/>            time.sleep(self._poll)<br/>&gt;       raise TimeoutException(message, screen, stacktrace)<br/><span class="error">E       selenium.common.exceptions.TimeoutException: Message: </span><br/><span class="error">E       Stacktrace:</span><br/><span class="error">E       NoSuchElementError: An element could not be located on the page using the given search parameters.</span><br/><span class="error">E           at AndroidUiautomator2Driver.findElOrEls (C:\Users\muham\.appium\node_modules\appium-uiautomator2-driver\node_modules\appium-android-driver\lib\commands\find.ts:86:11)</span><br/><span class="error">E           at processTicksAndRejections (node:internal/process/task_queues:105:5)</span><br/><span class="error">E           at AndroidUiautomator2Driver.findElOrElsWithProcessing (C:\Users\muham\AppData\Roaming\npm\node_modules\appium\node_modules\@appium\base-driver\lib\basedriver\commands\find.ts:60:12)</span><br/><span class="error">E           at AndroidUiautomator2Driver.findElement (C:\Users\muham\AppData\Roaming\npm\node_modules\appium\node_modules\@appium\base-driver\lib\basedriver\commands\find.ts:75:12)</span><br/><br/>.venv\Lib\site-packages\selenium\webdriver\support\wait.py:105: TimeoutException<br/> -------------------------------Captured log call-------------------------------- <br/>ERROR    root:base_page.py:16 Element not found: (&#x27;id&#x27;, &#x27;android:id/edit&#x27;)<br/> ----------------------------Captured stdout teardown---------------------------- <br/>
ðŸ“¸ Screenshot saved: screenshots/test_wifi_settings_20250620_132857.png
<br/></div></td></tr></tbody>
      <tbody class="failed results-table-row">
        <tr>
          <td class="col-result">Failed</td>
          <td class="col-name">tests/test_views.py::TestViews::test_scroll_visibility</td>
          <td class="col-duration">26.77</td>
          <td class="col-links"></td></tr>
        <tr>
          <td class="extra" colspan="4">
            <div class="log">self = &lt;tests.test_views.TestViews object at 0x000001D61F938770&gt;<br/>driver = &lt;appium.webdriver.webdriver.WebDriver (session=&quot;b1a42748-d8c1-4272-8cb0-26e7b4c97931&quot;)&gt;<br/><br/>    def test_scroll_visibility(self, driver):<br/>        &quot;&quot;&quot;<br/>        Test to verify the scroll functionality and ensure that the element<br/>        at the bottom of the page becomes visible after scrolling.<br/>        &quot;&quot;&quot;<br/>        main_page = MainPage(driver)<br/>        views_page = main_page.navigate_to_views()<br/>    <br/>        assert views_page.scroll_to_bottom(), &quot;Scroll to bottom failed&quot;<br/>&gt;       assert views_page.is_bottom_element_visible(), &quot;Bottom element is not visible after scrolling&quot;<br/><br/>tests\test_views.py:34: <br/>_ _ _ _ _ _ _ _ _ _ _ _ _ _ _ _ _ _ _ _ _ _ _ _ _ _ _ _ _ _ _ _ _ _ _ _ _ _ _ _<br/><br/>self = &lt;pages.views_page.ViewsPage object at 0x000001D61FABC690&gt;<br/><br/>    def is_bottom_element_visible(self):<br/>&gt;       return self.is_displayed(self.BOTTOM_ELEMENT)<br/><span class="error">E       AttributeError: &#x27;ViewsPage&#x27; object has no attribute &#x27;is_displayed&#x27;</span><br/><br/>pages\views_page.py:43: AttributeError<br/> ----------------------------Captured stdout teardown---------------------------- <br/>
ðŸ“¸ Screenshot saved: screenshots/test_scroll_visibility_20250620_133013.png
<br/></div></td></tr></tbody>
      <tbody class="passed results-table-row">
        <tr>
          <td class="col-result">Passed</td>
          <td class="col-name">tests/test_accessibility.py::TestAccessibility::test_custom_view</td>
          <td class="col-duration">45.73</td>
          <td class="col-links"></td></tr>
        <tr>
          <td class="extra" colspan="4">
            <div class="empty log">No log output captured.</div></td></tr></tbody>
      <tbody class="passed results-table-row">
        <tr>
          <td class="col-result">Passed</td>
          <td class="col-name">tests/test_preferences.py::TestPreferences::test_wifi_preferences</td>
          <td class="col-duration">25.27</td>
          <td class="col-links"></td></tr>
        <tr>
          <td class="extra" colspan="4">
            <div class="empty log">No log output captured.</div></td></tr></tbody>
      <tbody class="passed results-table-row">
        <tr>
          <td class="col-result">Passed</td>
          <td class="col-name">tests/test_views.py::TestViews::test_navigate_to_views</td>
          <td class="col-duration">23.06</td>
          <td class="col-links"></td></tr>
        <tr>
          <td class="extra" colspan="4">
            <div class="empty log">No log output captured.</div></td></tr></tbody>
      <tbody class="passed results-table-row">
        <tr>
          <td class="col-result">Passed</td>
          <td class="col-name">tests/test_views.py::TestViews::test_gallery_functionality</td>
          <td class="col-duration">27.82</td>
          <td class="col-links"></td></tr>
        <tr>
          <td class="extra" colspan="4">
            <div class="empty log">No log output captured.</div></td></tr></tbody></table></body></html>